<?xml version="1.0" encoding="UTF-8"?>
<testsuites name="Test Suite1" time="63" tests="4" failures="0" errors="0">
   <testsuite name="Test Suite1" tests="4" failures="0" errors="0" time="63" timestamp="2018-03-07 17:11:55" hostname="avmotwan - LNAR-PC08DFZV.corp.capgemini.com" id="Test Suites/Test Suite1">
      <properties>
         <property name="deviceName" value=""/>
         <property name="devicePlatform" value=""/>
         <property name="logFolder" value="C:\\Users\\avmotwan\\git\\testKatalon\\Reports\\Test Suite1\\20180307_171151"/>
         <property name="logFiles" value="C:\\Users\\avmotwan\\git\\testKatalon\\Reports\\Test Suite1\\20180307_171151\\execution0.log"/>
         <property name="attachments" value="C:\\Users\\avmotwan\\git\\testKatalon\\Reports\\Test Suite1\\20180307_171151\\1520460766999.png, C:\\Users\\avmotwan\\git\\testKatalon\\Reports\\Test Suite1\\20180307_171151\\1520460773325.png, C:\\Users\\avmotwan\\git\\testKatalon\\Reports\\Test Suite1\\20180307_171151\\1520460775602.png"/>
         <property name="hostName" value="avmotwan - LNAR-PC08DFZV.corp.capgemini.com"/>
         <property name="os" value="Windows 7 64bit"/>
         <property name="katalonVersion" value="5.3.0.1"/>
         <property name="browser" value="Chrome 63.0.3239.132"/>
         <property name="hostAddress" value="10.135.84.80"/>
         <property name="sessionId" value="e68c0fc1481f83b070c154335ec1f219"/>
         <property name="seleniumVersion" value="3.7.1"/>
         <property name="proxyInformation" value="ProxyInformation{proxyOption=NO_PROXY, proxyServerType=HTTP, password=, proxyServerAddress=, proxyServerPort=0}"/>
         <property name="platform" value="Windows 7"/>
      </properties>
      <testcase name="Test Cases/Test/TC1_Login_Into_Application" classname="Test Cases/Test/TC1_Login_Into_Application" status="PASSED">
         <system-out><![CDATA[2018-03-07 17:12:21 - [TEST_CASE][PASSED] - Test Cases/Test/TC1_Login_Into_Application: Invoke 'com.kms.katalon.core.annotation.AfterTestCase' method: 'NewTestListener.sampleAfterTestCase(...)' completed.

2018-03-07 17:12:21 - [TEST_STEP][PASSED] - Start listener action : sampleBeforeTestCase: Invoke 'com.kms.katalon.core.annotation.BeforeTestCase' method: 'NewTestListener.sampleBeforeTestCase(...)' completed.

2018-03-07 17:12:21 - [TEST_STEP][PASSED] - Statement - println(testCaseContext.getTestCaseId()): null

2018-03-07 17:12:21 - [TEST_STEP][PASSED] - Statement - println(testCaseContext.getTestCaseVariables()): Invoke 'com.kms.katalon.core.annotation.BeforeTestCase' method: 'NewTestListener.sampleBeforeTestCase(...)' completed.

2018-03-07 17:12:22 - [TEST_STEP][PASSED] - waitForPageLoad: Wait for page load successfully

2018-03-07 17:12:24 - [MESSAGE][PASSED] - Wait for page load successfully

2018-03-07 17:12:24 - [TEST_STEP][PASSED] - setText: Text 'nsur1@sfia.com.iaperf1' is set on object 'Object Repository/Salesforce_Login/Page_Login  Salesforce/input_username'

2018-03-07 17:12:31 - [MESSAGE][PASSED] - Text 'nsur1@sfia.com.iaperf1' is set on object 'Object Repository/Salesforce_Login/Page_Login  Salesforce/input_username'

2018-03-07 17:12:31 - [TEST_STEP][PASSED] - setText: Text 'Sfiatest11' is set on object 'Object Repository/Salesforce_Login/Page_Login  Salesforce/input_pw'

2018-03-07 17:12:32 - [MESSAGE][PASSED] - Text 'Sfiatest11' is set on object 'Object Repository/Salesforce_Login/Page_Login  Salesforce/input_pw'

2018-03-07 17:12:32 - [TEST_STEP][PASSED] - click: Object: 'Object Repository/Salesforce_Login/Page_Login  Salesforce/input_Login' is clicked on

2018-03-07 17:12:36 - [MESSAGE][PASSED] - Object: 'Object Repository/Salesforce_Login/Page_Login  Salesforce/input_Login' is clicked on

2018-03-07 17:12:36 - [TEST_STEP][NOT_RUN] - delay: NOT_RUN: delay

2018-03-07 17:12:36 - [MESSAGE][NOT_RUN] - NOT_RUN: delay

2018-03-07 17:12:36 - [TEST_STEP][PASSED] - waitForElementVisible: Object 'Object Repository/Salesforce_Login/HomePage/Page_Agencies  Salesforce/Agencies_Tab' is visible

2018-03-07 17:12:45 - [MESSAGE][PASSED] - Object 'Object Repository/Salesforce_Login/HomePage/Page_Agencies  Salesforce/Agencies_Tab' is visible

2018-03-07 17:12:45 - [TEST_STEP][NOT_RUN] - waitForPageLoad: NOT_RUN: waitForPageLoad

2018-03-07 17:12:45 - [MESSAGE][NOT_RUN] - NOT_RUN: waitForPageLoad

2018-03-07 17:12:45 - [TEST_STEP][PASSED] - Start listener action : sampleAfterTestCase: Invoke 'com.kms.katalon.core.annotation.AfterTestCase' method: 'NewTestListener.sampleAfterTestCase(...)' completed.

2018-03-07 17:12:45 - [TEST_STEP][PASSED] - Statement - println(testCaseContext.getTestCaseId()): null

2018-03-07 17:12:45 - [TEST_STEP][PASSED] - Statement - println(testCaseContext.getTestCaseStatus()): Invoke 'com.kms.katalon.core.annotation.AfterTestCase' method: 'NewTestListener.sampleAfterTestCase(...)' completed.]]></system-out>
         <system-err><![CDATA[]]></system-err>
      </testcase>
      <testcase name="Test Cases/Test/TC2_Click_On_Agency_Tab" classname="Test Cases/Test/TC2_Click_On_Agency_Tab" status="PASSED">
         <system-out><![CDATA[2018-03-07 17:12:45 - [TEST_CASE][PASSED] - Test Cases/Test/TC2_Click_On_Agency_Tab: Invoke 'com.kms.katalon.core.annotation.AfterTestCase' method: 'NewTestListener.sampleAfterTestCase(...)' completed.

2018-03-07 17:12:46 - [TEST_STEP][PASSED] - Start listener action : sampleBeforeTestCase: Invoke 'com.kms.katalon.core.annotation.BeforeTestCase' method: 'NewTestListener.sampleBeforeTestCase(...)' completed.

2018-03-07 17:12:46 - [TEST_STEP][PASSED] - Statement - println(testCaseContext.getTestCaseId()): null

2018-03-07 17:12:46 - [TEST_STEP][PASSED] - Statement - println(testCaseContext.getTestCaseVariables()): Invoke 'com.kms.katalon.core.annotation.BeforeTestCase' method: 'NewTestListener.sampleBeforeTestCase(...)' completed.

2018-03-07 17:12:46 - [TEST_STEP][PASSED] - click: Object: 'Object Repository/Salesforce_Login/HomePage/Page_Agencies  Salesforce/Agencies_Tab' is clicked on

2018-03-07 17:12:46 - [MESSAGE][PASSED] - Object: 'Object Repository/Salesforce_Login/HomePage/Page_Agencies  Salesforce/Agencies_Tab' is clicked on

2018-03-07 17:12:46 - [TEST_STEP][PASSED] - takeScreenshot: Taking screenshot successfully

2018-03-07 17:12:51 - [MESSAGE][PASSED] - Taking screenshot successfully
[[ATTACHMENT|C:\\Users\\avmotwan\\git\\testKatalon\\Reports\\Test Suite1\\20180307_171151\\1520460766999.png]]

2018-03-07 17:12:51 - [TEST_STEP][PASSED] - Start listener action : sampleAfterTestCase: Invoke 'com.kms.katalon.core.annotation.AfterTestCase' method: 'NewTestListener.sampleAfterTestCase(...)' completed.

2018-03-07 17:12:51 - [TEST_STEP][PASSED] - Statement - println(testCaseContext.getTestCaseId()): null

2018-03-07 17:12:51 - [TEST_STEP][PASSED] - Statement - println(testCaseContext.getTestCaseStatus()): Invoke 'com.kms.katalon.core.annotation.AfterTestCase' method: 'NewTestListener.sampleAfterTestCase(...)' completed.]]></system-out>
         <system-err><![CDATA[]]></system-err>
      </testcase>
      <testcase name="Test Cases/Test/TC3_Click_On_Lead_Tab" classname="Test Cases/Test/TC3_Click_On_Lead_Tab" status="PASSED">
         <system-out><![CDATA[2018-03-07 17:12:51 - [TEST_CASE][PASSED] - Test Cases/Test/TC3_Click_On_Lead_Tab: Invoke 'com.kms.katalon.core.annotation.AfterTestCase' method: 'NewTestListener.sampleAfterTestCase(...)' completed.

2018-03-07 17:12:51 - [TEST_STEP][PASSED] - Start listener action : sampleBeforeTestCase: Invoke 'com.kms.katalon.core.annotation.BeforeTestCase' method: 'NewTestListener.sampleBeforeTestCase(...)' completed.

2018-03-07 17:12:51 - [TEST_STEP][PASSED] - Statement - println(testCaseContext.getTestCaseId()): null

2018-03-07 17:12:51 - [TEST_STEP][PASSED] - Statement - println(testCaseContext.getTestCaseVariables()): Invoke 'com.kms.katalon.core.annotation.BeforeTestCase' method: 'NewTestListener.sampleBeforeTestCase(...)' completed.

2018-03-07 17:12:51 - [TEST_STEP][PASSED] - click: Object: 'Object Repository/Salesforce_Login/HomePage/Page_Agencies  Salesforce/Leads_Tab' is clicked on

2018-03-07 17:12:53 - [MESSAGE][PASSED] - Object: 'Object Repository/Salesforce_Login/HomePage/Page_Agencies  Salesforce/Leads_Tab' is clicked on

2018-03-07 17:12:53 - [TEST_STEP][PASSED] - takeScreenshot: Taking screenshot successfully

2018-03-07 17:12:54 - [MESSAGE][PASSED] - Taking screenshot successfully
[[ATTACHMENT|C:\\Users\\avmotwan\\git\\testKatalon\\Reports\\Test Suite1\\20180307_171151\\1520460773325.png]]

2018-03-07 17:12:54 - [TEST_STEP][PASSED] - Start listener action : sampleAfterTestCase: Invoke 'com.kms.katalon.core.annotation.AfterTestCase' method: 'NewTestListener.sampleAfterTestCase(...)' completed.

2018-03-07 17:12:54 - [TEST_STEP][PASSED] - Statement - println(testCaseContext.getTestCaseId()): null

2018-03-07 17:12:54 - [TEST_STEP][PASSED] - Statement - println(testCaseContext.getTestCaseStatus()): Invoke 'com.kms.katalon.core.annotation.AfterTestCase' method: 'NewTestListener.sampleAfterTestCase(...)' completed.]]></system-out>
         <system-err><![CDATA[]]></system-err>
      </testcase>
      <testcase name="Test Cases/Test/TestCase3" classname="Test Cases/Test/TestCase3" status="PASSED">
         <system-out><![CDATA[2018-03-07 17:12:54 - [TEST_CASE][PASSED] - Test Cases/Test/TestCase3: Invoke 'com.kms.katalon.core.annotation.AfterTestCase' method: 'NewTestListener.sampleAfterTestCase(...)' completed.

2018-03-07 17:12:54 - [TEST_STEP][PASSED] - Start listener action : sampleBeforeTestCase: Invoke 'com.kms.katalon.core.annotation.BeforeTestCase' method: 'NewTestListener.sampleBeforeTestCase(...)' completed.

2018-03-07 17:12:54 - [TEST_STEP][PASSED] - Statement - println(testCaseContext.getTestCaseId()): null

2018-03-07 17:12:54 - [TEST_STEP][PASSED] - Statement - println(testCaseContext.getTestCaseVariables()): Invoke 'com.kms.katalon.core.annotation.BeforeTestCase' method: 'NewTestListener.sampleBeforeTestCase(...)' completed.

2018-03-07 17:12:55 - [TEST_STEP][PASSED] - click: Object: 'Object Repository/Salesforce_Login/HomePage/Page_Agencies  Salesforce/Agencies_Tab' is clicked on

2018-03-07 17:12:55 - [MESSAGE][PASSED] - Object: 'Object Repository/Salesforce_Login/HomePage/Page_Agencies  Salesforce/Agencies_Tab' is clicked on

2018-03-07 17:12:55 - [TEST_STEP][PASSED] - takeScreenshot: Taking screenshot successfully

2018-03-07 17:12:57 - [MESSAGE][PASSED] - Taking screenshot successfully
[[ATTACHMENT|C:\\Users\\avmotwan\\git\\testKatalon\\Reports\\Test Suite1\\20180307_171151\\1520460775602.png]]

2018-03-07 17:12:57 - [TEST_STEP][PASSED] - Start listener action : sampleAfterTestCase: Invoke 'com.kms.katalon.core.annotation.AfterTestCase' method: 'NewTestListener.sampleAfterTestCase(...)' completed.

2018-03-07 17:12:57 - [TEST_STEP][PASSED] - Statement - println(testCaseContext.getTestCaseId()): null

2018-03-07 17:12:57 - [TEST_STEP][PASSED] - Statement - println(testCaseContext.getTestCaseStatus()): Invoke 'com.kms.katalon.core.annotation.AfterTestCase' method: 'NewTestListener.sampleAfterTestCase(...)' completed.]]></system-out>
         <system-err><![CDATA[]]></system-err>
      </testcase>
      <system-out><![CDATA[2018-03-07 17:11:55 - [TEST_SUITE][PASSED] - Test Suite1: Invoke 'com.kms.katalon.core.annotation.AfterTestCase' method: 'NewTestListener.sampleAfterTestCase(...)' completed.]]></system-out>
      <system-err><![CDATA[]]></system-err>
   </testsuite>
</testsuites>
