<?xml version="1.0" encoding="UTF-8"?>
<testsuites name="Test Suite1" time="40" tests="4" failures="0" errors="0">
   <testsuite name="Test Suite1" tests="4" failures="0" errors="0" time="40" timestamp="2018-03-07 17:16:16" hostname="avmotwan - LNAR-PC08DFZV.corp.capgemini.com" id="Test Suites/Test Suite1">
      <properties>
         <property name="deviceName" value=""/>
         <property name="devicePlatform" value=""/>
         <property name="logFolder" value="C:\\Users\\avmotwan\\git\\testKatalon\\Reports\\Test Suite1\\20180307_171611"/>
         <property name="logFiles" value="C:\\Users\\avmotwan\\git\\testKatalon\\Reports\\Test Suite1\\20180307_171611\\execution0.log"/>
         <property name="attachments" value="C:\\Users\\avmotwan\\git\\testKatalon\\Reports\\Test Suite1\\20180307_171611\\1520461012162.png, C:\\Users\\avmotwan\\git\\testKatalon\\Reports\\Test Suite1\\20180307_171611\\1520461014096.png, C:\\Users\\avmotwan\\git\\testKatalon\\Reports\\Test Suite1\\20180307_171611\\1520461015298.png"/>
         <property name="hostName" value="avmotwan - LNAR-PC08DFZV.corp.capgemini.com"/>
         <property name="os" value="Windows 7 64bit"/>
         <property name="katalonVersion" value="5.3.0.1"/>
         <property name="browser" value="Chrome 63.0.3239.132"/>
         <property name="hostAddress" value="10.135.84.80"/>
         <property name="sessionId" value="95099a101f6b32729fec350afdf30d55"/>
         <property name="seleniumVersion" value="3.7.1"/>
         <property name="proxyInformation" value="ProxyInformation{proxyOption=NO_PROXY, proxyServerType=HTTP, password=, proxyServerAddress=, proxyServerPort=0}"/>
         <property name="platform" value="Windows 7"/>
      </properties>
      <testcase name="Test Cases/Test/TC1_Login_Into_Application" classname="Test Cases/Test/TC1_Login_Into_Application" status="PASSED">
         <system-out><![CDATA[2018-03-07 17:16:29 - [TEST_CASE][PASSED] - Test Cases/Test/TC1_Login_Into_Application: Invoke 'com.kms.katalon.core.annotation.AfterTestCase' method: 'NewTestListener.sampleAfterTestCase(...)' completed.

2018-03-07 17:16:29 - [TEST_STEP][PASSED] - Start listener action : sampleBeforeTestCase: Invoke 'com.kms.katalon.core.annotation.BeforeTestCase' method: 'NewTestListener.sampleBeforeTestCase(...)' completed.

2018-03-07 17:16:29 - [TEST_STEP][PASSED] - Statement - println(testCaseContext.getTestCaseId()): null

2018-03-07 17:16:29 - [TEST_STEP][PASSED] - Statement - println(testCaseContext.getTestCaseVariables()): Invoke 'com.kms.katalon.core.annotation.BeforeTestCase' method: 'NewTestListener.sampleBeforeTestCase(...)' completed.

2018-03-07 17:16:29 - [TEST_STEP][PASSED] - waitForPageLoad: Wait for page load successfully

2018-03-07 17:16:30 - [MESSAGE][PASSED] - Wait for page load successfully

2018-03-07 17:16:30 - [TEST_STEP][PASSED] - setText: Text 'nsur1@sfia.com.iaperf1' is set on object 'Object Repository/Salesforce_Login/Page_Login  Salesforce/input_username'

2018-03-07 17:16:35 - [MESSAGE][PASSED] - Text 'nsur1@sfia.com.iaperf1' is set on object 'Object Repository/Salesforce_Login/Page_Login  Salesforce/input_username'

2018-03-07 17:16:35 - [TEST_STEP][PASSED] - setText: Text 'Sfiatest11' is set on object 'Object Repository/Salesforce_Login/Page_Login  Salesforce/input_pw'

2018-03-07 17:16:35 - [MESSAGE][PASSED] - Text 'Sfiatest11' is set on object 'Object Repository/Salesforce_Login/Page_Login  Salesforce/input_pw'

2018-03-07 17:16:35 - [TEST_STEP][PASSED] - click: Object: 'Object Repository/Salesforce_Login/Page_Login  Salesforce/input_Login' is clicked on

2018-03-07 17:16:40 - [MESSAGE][PASSED] - Object: 'Object Repository/Salesforce_Login/Page_Login  Salesforce/input_Login' is clicked on

2018-03-07 17:16:40 - [TEST_STEP][NOT_RUN] - delay: NOT_RUN: delay

2018-03-07 17:16:40 - [MESSAGE][NOT_RUN] - NOT_RUN: delay

2018-03-07 17:16:40 - [TEST_STEP][PASSED] - waitForElementVisible: Object 'Object Repository/Salesforce_Login/HomePage/Page_Agencies  Salesforce/Agencies_Tab' is visible

2018-03-07 17:16:50 - [MESSAGE][PASSED] - Object 'Object Repository/Salesforce_Login/HomePage/Page_Agencies  Salesforce/Agencies_Tab' is visible

2018-03-07 17:16:50 - [TEST_STEP][NOT_RUN] - waitForPageLoad: NOT_RUN: waitForPageLoad

2018-03-07 17:16:50 - [MESSAGE][NOT_RUN] - NOT_RUN: waitForPageLoad

2018-03-07 17:16:50 - [TEST_STEP][PASSED] - Start listener action : sampleAfterTestCase: Invoke 'com.kms.katalon.core.annotation.AfterTestCase' method: 'NewTestListener.sampleAfterTestCase(...)' completed.

2018-03-07 17:16:50 - [TEST_STEP][PASSED] - Statement - println(testCaseContext.getTestCaseId()): null

2018-03-07 17:16:50 - [TEST_STEP][PASSED] - Statement - println(testCaseContext.getTestCaseStatus()): Invoke 'com.kms.katalon.core.annotation.AfterTestCase' method: 'NewTestListener.sampleAfterTestCase(...)' completed.]]></system-out>
         <system-err><![CDATA[]]></system-err>
      </testcase>
      <testcase name="Test Cases/Test/TC2_Click_On_Agency_Tab" classname="Test Cases/Test/TC2_Click_On_Agency_Tab" status="PASSED">
         <system-out><![CDATA[2018-03-07 17:16:50 - [TEST_CASE][PASSED] - Test Cases/Test/TC2_Click_On_Agency_Tab: Invoke 'com.kms.katalon.core.annotation.AfterTestCase' method: 'NewTestListener.sampleAfterTestCase(...)' completed.

2018-03-07 17:16:50 - [TEST_STEP][PASSED] - Start listener action : sampleBeforeTestCase: Invoke 'com.kms.katalon.core.annotation.BeforeTestCase' method: 'NewTestListener.sampleBeforeTestCase(...)' completed.

2018-03-07 17:16:50 - [TEST_STEP][PASSED] - Statement - println(testCaseContext.getTestCaseId()): null

2018-03-07 17:16:50 - [TEST_STEP][PASSED] - Statement - println(testCaseContext.getTestCaseVariables()): Invoke 'com.kms.katalon.core.annotation.BeforeTestCase' method: 'NewTestListener.sampleBeforeTestCase(...)' completed.

2018-03-07 17:16:50 - [TEST_STEP][PASSED] - click: Object: 'Object Repository/Salesforce_Login/HomePage/Page_Agencies  Salesforce/Agencies_Tab' is clicked on

2018-03-07 17:16:52 - [MESSAGE][PASSED] - Object: 'Object Repository/Salesforce_Login/HomePage/Page_Agencies  Salesforce/Agencies_Tab' is clicked on

2018-03-07 17:16:52 - [TEST_STEP][PASSED] - takeScreenshot: Taking screenshot successfully

2018-03-07 17:16:52 - [MESSAGE][PASSED] - Taking screenshot successfully
[[ATTACHMENT|C:\\Users\\avmotwan\\git\\testKatalon\\Reports\\Test Suite1\\20180307_171611\\1520461012162.png]]

2018-03-07 17:16:52 - [TEST_STEP][PASSED] - Start listener action : sampleAfterTestCase: Invoke 'com.kms.katalon.core.annotation.AfterTestCase' method: 'NewTestListener.sampleAfterTestCase(...)' completed.

2018-03-07 17:16:52 - [TEST_STEP][PASSED] - Statement - println(testCaseContext.getTestCaseId()): null

2018-03-07 17:16:52 - [TEST_STEP][PASSED] - Statement - println(testCaseContext.getTestCaseStatus()): Invoke 'com.kms.katalon.core.annotation.AfterTestCase' method: 'NewTestListener.sampleAfterTestCase(...)' completed.]]></system-out>
         <system-err><![CDATA[]]></system-err>
      </testcase>
      <testcase name="Test Cases/Test/TC3_Click_On_Lead_Tab" classname="Test Cases/Test/TC3_Click_On_Lead_Tab" status="PASSED">
         <system-out><![CDATA[2018-03-07 17:16:52 - [TEST_CASE][PASSED] - Test Cases/Test/TC3_Click_On_Lead_Tab: Invoke 'com.kms.katalon.core.annotation.AfterTestCase' method: 'NewTestListener.sampleAfterTestCase(...)' completed.

2018-03-07 17:16:52 - [TEST_STEP][PASSED] - Start listener action : sampleBeforeTestCase: Invoke 'com.kms.katalon.core.annotation.BeforeTestCase' method: 'NewTestListener.sampleBeforeTestCase(...)' completed.

2018-03-07 17:16:52 - [TEST_STEP][PASSED] - Statement - println(testCaseContext.getTestCaseId()): null

2018-03-07 17:16:52 - [TEST_STEP][PASSED] - Statement - println(testCaseContext.getTestCaseVariables()): Invoke 'com.kms.katalon.core.annotation.BeforeTestCase' method: 'NewTestListener.sampleBeforeTestCase(...)' completed.

2018-03-07 17:16:53 - [TEST_STEP][PASSED] - click: Object: 'Object Repository/Salesforce_Login/HomePage/Page_Agencies  Salesforce/Leads_Tab' is clicked on

2018-03-07 17:16:54 - [MESSAGE][PASSED] - Object: 'Object Repository/Salesforce_Login/HomePage/Page_Agencies  Salesforce/Leads_Tab' is clicked on

2018-03-07 17:16:54 - [TEST_STEP][PASSED] - takeScreenshot: Taking screenshot successfully

2018-03-07 17:16:54 - [MESSAGE][PASSED] - Taking screenshot successfully
[[ATTACHMENT|C:\\Users\\avmotwan\\git\\testKatalon\\Reports\\Test Suite1\\20180307_171611\\1520461014096.png]]

2018-03-07 17:16:54 - [TEST_STEP][PASSED] - Start listener action : sampleAfterTestCase: Invoke 'com.kms.katalon.core.annotation.AfterTestCase' method: 'NewTestListener.sampleAfterTestCase(...)' completed.

2018-03-07 17:16:54 - [TEST_STEP][PASSED] - Statement - println(testCaseContext.getTestCaseId()): null

2018-03-07 17:16:54 - [TEST_STEP][PASSED] - Statement - println(testCaseContext.getTestCaseStatus()): Invoke 'com.kms.katalon.core.annotation.AfterTestCase' method: 'NewTestListener.sampleAfterTestCase(...)' completed.]]></system-out>
         <system-err><![CDATA[]]></system-err>
      </testcase>
      <testcase name="Test Cases/Test/TestCase3" classname="Test Cases/Test/TestCase3" status="PASSED">
         <system-out><![CDATA[2018-03-07 17:16:54 - [TEST_CASE][PASSED] - Test Cases/Test/TestCase3: Invoke 'com.kms.katalon.core.annotation.AfterTestCase' method: 'NewTestListener.sampleAfterTestCase(...)' completed.

2018-03-07 17:16:54 - [TEST_STEP][PASSED] - Start listener action : sampleBeforeTestCase: Invoke 'com.kms.katalon.core.annotation.BeforeTestCase' method: 'NewTestListener.sampleBeforeTestCase(...)' completed.

2018-03-07 17:16:54 - [TEST_STEP][PASSED] - Statement - println(testCaseContext.getTestCaseId()): null

2018-03-07 17:16:54 - [TEST_STEP][PASSED] - Statement - println(testCaseContext.getTestCaseVariables()): Invoke 'com.kms.katalon.core.annotation.BeforeTestCase' method: 'NewTestListener.sampleBeforeTestCase(...)' completed.

2018-03-07 17:16:54 - [TEST_STEP][PASSED] - click: Object: 'Object Repository/Salesforce_Login/HomePage/Page_Agencies  Salesforce/Agencies_Tab' is clicked on

2018-03-07 17:16:55 - [MESSAGE][PASSED] - Object: 'Object Repository/Salesforce_Login/HomePage/Page_Agencies  Salesforce/Agencies_Tab' is clicked on

2018-03-07 17:16:55 - [TEST_STEP][PASSED] - takeScreenshot: Taking screenshot successfully

2018-03-07 17:16:56 - [MESSAGE][PASSED] - Taking screenshot successfully
[[ATTACHMENT|C:\\Users\\avmotwan\\git\\testKatalon\\Reports\\Test Suite1\\20180307_171611\\1520461015298.png]]

2018-03-07 17:16:56 - [TEST_STEP][PASSED] - Start listener action : sampleAfterTestCase: Invoke 'com.kms.katalon.core.annotation.AfterTestCase' method: 'NewTestListener.sampleAfterTestCase(...)' completed.

2018-03-07 17:16:56 - [TEST_STEP][PASSED] - Statement - println(testCaseContext.getTestCaseId()): null

2018-03-07 17:16:56 - [TEST_STEP][PASSED] - Statement - println(testCaseContext.getTestCaseStatus()): Invoke 'com.kms.katalon.core.annotation.AfterTestCase' method: 'NewTestListener.sampleAfterTestCase(...)' completed.]]></system-out>
         <system-err><![CDATA[]]></system-err>
      </testcase>
      <system-out><![CDATA[2018-03-07 17:16:16 - [TEST_SUITE][PASSED] - Test Suite1: Invoke 'com.kms.katalon.core.annotation.AfterTestCase' method: 'NewTestListener.sampleAfterTestCase(...)' completed.]]></system-out>
      <system-err><![CDATA[]]></system-err>
   </testsuite>
</testsuites>
